2022-12-12 21:19:27,492 INFO org.hibernate.validator.internal.util.Version [background-preinit] HV000001: Hibernate Validator 6.2.5.Final
2022-12-12 21:19:27,492 INFO org.springframework.boot.StartupInfoLogger [main] Starting BeFlightTicketApplication using Java 18.0.2 on LAPTOP-LNOPSK9G with PID 27400 (D:\User\D_Cahyadi\Documents\Binar Academy\Challenge\BE-Platinum\BE-FlightTicket\target\classes started by cahya in D:\User\D_Cahyadi\Documents\Binar Academy\Challenge\BE-Platinum\BE-FlightTicket)
2022-12-12 21:19:27,496 DEBUG org.springframework.boot.StartupInfoLogger [main] Running with Spring Boot v2.7.5, Spring v5.3.23
2022-12-12 21:19:27,497 INFO org.springframework.boot.SpringApplication [main] No active profile set, falling back to 1 default profile: "default"
2022-12-12 21:19:28,639 INFO org.springframework.data.repository.config.RepositoryConfigurationDelegate [main] Bootstrapping Spring Data JPA repositories in DEFAULT mode.
2022-12-12 21:19:28,767 INFO org.springframework.data.repository.config.RepositoryConfigurationDelegate [main] Finished Spring Data repository scanning in 118 ms. Found 17 JPA repository interfaces.
2022-12-12 21:19:29,380 INFO org.springframework.boot.web.embedded.tomcat.TomcatWebServer [main] Tomcat initialized with port(s): 8080 (http)
2022-12-12 21:19:29,391 INFO org.apache.juli.logging.DirectJDKLog [main] Initializing ProtocolHandler ["http-nio-8080"]
2022-12-12 21:19:29,392 INFO org.apache.juli.logging.DirectJDKLog [main] Starting service [Tomcat]
2022-12-12 21:19:29,393 INFO org.apache.juli.logging.DirectJDKLog [main] Starting Servlet engine: [Apache Tomcat/9.0.68]
2022-12-12 21:19:32,760 INFO org.apache.juli.logging.DirectJDKLog [main] Initializing Spring embedded WebApplicationContext
2022-12-12 21:19:32,760 INFO org.springframework.boot.web.servlet.context.ServletWebServerApplicationContext [main] Root WebApplicationContext: initialization completed in 5198 ms
2022-12-12 21:19:32,930 INFO org.hibernate.jpa.internal.util.LogHelper [main] HHH000204: Processing PersistenceUnitInfo [name: default]
2022-12-12 21:19:33,016 INFO org.hibernate.Version [main] HHH000412: Hibernate ORM core version 5.6.12.Final
2022-12-12 21:19:33,209 INFO org.hibernate.annotations.common.reflection.java.JavaReflectionManager [main] HCANN000001: Hibernate Commons Annotations {5.1.2.Final}
2022-12-12 21:19:33,340 INFO com.zaxxer.hikari.HikariDataSource [main] HikariPool-1 - Starting...
2022-12-12 21:19:33,794 INFO com.zaxxer.hikari.HikariDataSource [main] HikariPool-1 - Start completed.
2022-12-12 21:19:33,811 INFO org.hibernate.dialect.Dialect [main] HHH000400: Using dialect: org.hibernate.dialect.PostgreSQLDialect
2022-12-12 21:19:35,167 INFO org.hibernate.engine.transaction.jta.platform.internal.JtaPlatformInitiator [main] HHH000490: Using JtaPlatform implementation: [org.hibernate.engine.transaction.jta.platform.internal.NoJtaPlatform]
2022-12-12 21:19:35,177 INFO org.springframework.orm.jpa.AbstractEntityManagerFactoryBean [main] Initialized JPA EntityManagerFactory for persistence unit 'default'
2022-12-12 21:19:35,764 DEBUG org.springframework.web.filter.GenericFilterBean [main] Filter 'authenticationJwtTokenFilter' configured for use
2022-12-12 21:19:36,573 WARN org.springframework.boot.autoconfigure.orm.jpa.JpaBaseConfiguration$JpaWebConfiguration [main] spring.jpa.open-in-view is enabled by default. Therefore, database queries may be performed during view rendering. Explicitly configure spring.jpa.open-in-view to disable this warning
2022-12-12 21:19:41,238 INFO org.springframework.security.web.DefaultSecurityFilterChain [main] Will secure any request with [org.springframework.security.web.session.DisableEncodeUrlFilter@12d28106, org.springframework.security.web.context.request.async.WebAsyncManagerIntegrationFilter@6a3c1b56, org.springframework.security.web.context.SecurityContextPersistenceFilter@105cdf61, org.springframework.security.web.header.HeaderWriterFilter@34376069, org.springframework.web.filter.CorsFilter@3b8ce72, org.springframework.security.web.authentication.logout.LogoutFilter@1399ad68, com.binar.finalproject.BEFlightTicket.security.AuthTokenFilter@7c6fc278, org.springframework.security.web.savedrequest.RequestCacheAwareFilter@58a9e64d, org.springframework.security.web.servletapi.SecurityContextHolderAwareRequestFilter@7657d29f, org.springframework.security.web.authentication.AnonymousAuthenticationFilter@3ce4eb42, org.springframework.security.web.session.SessionManagementFilter@44a0e68f, org.springframework.security.web.access.ExceptionTranslationFilter@6a4d57b7, org.springframework.security.web.access.intercept.FilterSecurityInterceptor@158cb50a]
2022-12-12 21:19:41,523 INFO org.apache.juli.logging.DirectJDKLog [main] Starting ProtocolHandler ["http-nio-8080"]
2022-12-12 21:19:41,550 INFO org.springframework.boot.web.embedded.tomcat.TomcatWebServer [main] Tomcat started on port(s): 8080 (http) with context path ''
2022-12-12 21:19:41,561 INFO org.springframework.boot.StartupInfoLogger [main] Started BeFlightTicketApplication in 14.523 seconds (JVM running for 21.563)
2022-12-12 21:19:41,942 INFO org.springframework.orm.jpa.AbstractEntityManagerFactoryBean [SpringApplicationShutdownHook] Closing JPA EntityManagerFactory for persistence unit 'default'
2022-12-12 21:19:41,943 INFO com.zaxxer.hikari.HikariDataSource [SpringApplicationShutdownHook] HikariPool-1 - Shutdown initiated...
2022-12-12 21:19:41,947 INFO com.zaxxer.hikari.HikariDataSource [SpringApplicationShutdownHook] HikariPool-1 - Shutdown completed.
